
FileVersion:		2 

ResolutionOfTime:	Volumes 

Experiment:			MusicNF_Localizer 

BackgroundColor:	0  0  0 
TextColor:			255  255  255 

TimeCourseColor:	1  1  1 
TimeCourseThick:	3 
ReferenceFuncColor:	0   0  80 
ReferenceFuncThick:	2 

NrOfConditions:		7 
 
Discard 
1 
1	8 
Color:	0 115 190 

Rest 
9 
9	16 
49	56 
89	96 
129	136 
169	176 
209	216 
249	256 
289	296 
329	336 
Color:	216 83 25 

MotorImagery 
8 
17	24 
57	64 
97	104 
137	144 
177	184 
217	224 
257	264 
297	304 
Color:	236 177 32 

Noise 
8 
25	32 
65	72 
105	112 
145	152 
185	192 
225	232 
265	272 
305	312 
Color:	110 115 190 

Music 
8 
33	40 
73	80 
113	120 
153	160 
193	200 
233	240 
273	280 
313	320 
Color:	150 83 25 

Report 
8 
41	44 
81	84 
121	124 
161	164 
201	204 
241	244 
281	284 
321	324 
Color:	190 177 32 

Inter 
8 
45	48 
85	88 
125	128 
165	168 
205	208 
245	248 
285	288 
325	328 
Color:	150 115 190 

